2021-01-26 17:09:02.659611 :

Nassau Table Created
Records inserted to Nassau
2021-01-26 17:09:02.763021 :

Greene Table Created
Records inserted to Greene
2021-01-26 17:09:02.846254 :

Livingston Table Created
Records inserted to Livingston
2021-01-26 17:09:02.932241 :

Kings Table Created
Records inserted to Kings
2021-01-26 17:09:03.033432 :

Cortland Table Created
Records inserted to Cortland
2021-01-26 17:09:03.095636 :

New_York Table Created
Records inserted to New_York
2021-01-26 17:09:03.164159 :

Rockland Table Created
Records inserted to Rockland
2021-01-26 17:09:03.246633 :

Seneca Table Created
Records inserted to Seneca
2021-01-26 17:09:03.337457 :

Yates Table Created
Records inserted to Yates
2021-01-26 17:09:03.402308 :

Hamilton Table Created
Records inserted to Hamilton
2021-01-26 17:09:03.499949 :

Herkimer Table Created
Records inserted to Herkimer
2021-01-26 17:09:03.587190 :

St_Lawrence Table Created
Records inserted to St_Lawrence
2021-01-26 17:09:03.675555 :

Niagara Table Created
Records inserted to Niagara
2021-01-26 17:09:03.766088 :

Franklin Table Created
Records inserted to Franklin
2021-01-26 17:09:03.831361 :

Wayne Table Created
Records inserted to Wayne
2021-01-26 17:09:03.934432 :

Onondaga Table Created
Records inserted to Onondaga
2021-01-26 17:09:04.036165 :

Chemung Table Created
Records inserted to Chemung
2021-01-26 17:09:04.123304 :

Fulton Table Created
Records inserted to Fulton
2021-01-26 17:09:04.207535 :

Orleans Table Created
Records inserted to Orleans
2021-01-26 17:09:04.288615 :

Putnam Table Created
Records inserted to Putnam
2021-01-26 17:09:04.376370 :

Montgomery Table Created
Records inserted to Montgomery
2021-01-26 17:09:04.464284 :

Chenango Table Created
Records inserted to Chenango
2021-01-26 17:09:04.554932 :

Genesee Table Created
Records inserted to Genesee
2021-01-26 17:09:04.658143 :

Westchester Table Created
Records inserted to Westchester
2021-01-26 17:09:04.750693 :

Richmond Table Created
Records inserted to Richmond
2021-01-26 17:09:04.832956 :

Madison Table Created
Records inserted to Madison
2021-01-26 17:09:04.948511 :

Cattaraugus Table Created
Records inserted to Cattaraugus
2021-01-26 17:09:05.024965 :

Clinton Table Created
Records inserted to Clinton
2021-01-26 17:09:05.100485 :

Orange Table Created
Records inserted to Orange
2021-01-26 17:09:05.179444 :

Warren Table Created
Records inserted to Warren
2021-01-26 17:09:05.277712 :

Ulster Table Created
Records inserted to Ulster
2021-01-26 17:09:05.370171 :

Broome Table Created
Records inserted to Broome
2021-01-26 17:09:05.465228 :

Erie Table Created
Records inserted to Erie
2021-01-26 17:09:05.555662 :

Lewis Table Created
Records inserted to Lewis
2021-01-26 17:09:05.680776 :

Queens Table Created
Records inserted to Queens
2021-01-26 17:09:05.749897 :

Schoharie Table Created
Records inserted to Schoharie
2021-01-26 17:09:05.820734 :

Suffolk Table Created
Records inserted to Suffolk
2021-01-26 17:09:05.895204 :

Rensselaer Table Created
Records inserted to Rensselaer
2021-01-26 17:09:05.958991 :

Essex Table Created
Records inserted to Essex
2021-01-26 17:09:06.019722 :

Tompkins Table Created
Records inserted to Tompkins
2021-01-26 17:09:06.091720 :

Dutchess Table Created
Records inserted to Dutchess
2021-01-26 17:09:06.184066 :

Delaware Table Created
Records inserted to Delaware
2021-01-26 17:09:06.279373 :

Oswego Table Created
Records inserted to Oswego
2021-01-26 17:09:06.385135 :

Tioga Table Created
Records inserted to Tioga
2021-01-26 17:09:06.493953 :

Albany Table Created
Records inserted to Albany
2021-01-26 17:09:06.602391 :

Sullivan Table Created
Records inserted to Sullivan
2021-01-26 17:09:06.685784 :

Allegany Table Created
Records inserted to Allegany
2021-01-26 17:09:06.749283 :

Otsego Table Created
Records inserted to Otsego
2021-01-26 17:09:06.841345 :

Jefferson Table Created
Records inserted to Jefferson
2021-01-26 17:09:06.955965 :

Bronx Table Created
Records inserted to Bronx
2021-01-26 17:09:07.039436 :

Schenectady Table Created
Records inserted to Schenectady
2021-01-26 17:09:07.132787 :

Saratoga Table Created
Records inserted to Saratoga
2021-01-26 17:09:07.216855 :

Wyoming Table Created
Records inserted to Wyoming
2021-01-26 17:09:07.316415 :

Washington Table Created
Records inserted to Washington
2021-01-26 17:09:07.398137 :

Oneida Table Created
Records inserted to Oneida
2021-01-26 17:09:07.509482 :

Monroe Table Created
Records inserted to Monroe
2021-01-26 17:09:07.580461 :

Ontario Table Created
Records inserted to Ontario
2021-01-26 17:09:07.666600 :

Schuyler Table Created
Records inserted to Schuyler
2021-01-26 17:09:07.733312 :

Steuben Table Created
Records inserted to Steuben
2021-01-26 17:09:07.801500 :

Chautauqua Table Created
Records inserted to Chautauqua
2021-01-26 17:09:07.876601 :

Cayuga Table Created
Records inserted to Cayuga
2021-01-26 17:09:07.956299 :

Columbia Table Created
Records inserted to Columbia
2021-01-26 17:10:02.094838 :

Orleans Table Created
Records inserted to Orleans
2021-01-26 17:10:02.141717 :

Queens Table Created
Records inserted to Queens
2021-01-26 17:10:02.182354 :

Clinton Table Created
Records inserted to Clinton
2021-01-26 17:10:02.228460 :

Montgomery Table Created
Records inserted to Montgomery
2021-01-26 17:10:02.278028 :

Rockland Table Created
Records inserted to Rockland
2021-01-26 17:10:02.322089 :

Cortland Table Created
Records inserted to Cortland
2021-01-26 17:10:02.391811 :

Schenectady Table Created
Records inserted to Schenectady
2021-01-26 17:10:02.432506 :

Seneca Table Created
Records inserted to Seneca
2021-01-26 17:10:02.471716 :

Tompkins Table Created
Records inserted to Tompkins
2021-01-26 17:10:02.515920 :

Genesee Table Created
Records inserted to Genesee
2021-01-26 17:10:02.555000 :

Fulton Table Created
Records inserted to Fulton
2021-01-26 17:10:02.596141 :

Oneida Table Created
Records inserted to Oneida
2021-01-26 17:10:02.644975 :

Chenango Table Created
Records inserted to Chenango
2021-01-26 17:10:02.686789 :

Nassau Table Created
Records inserted to Nassau
2021-01-26 17:10:02.728437 :

Washington Table Created
Records inserted to Washington
2021-01-26 17:10:02.769042 :

Columbia Table Created
Records inserted to Columbia
2021-01-26 17:10:02.807668 :

Monroe Table Created
Records inserted to Monroe
2021-01-26 17:10:02.852304 :

Warren Table Created
Records inserted to Warren
2021-01-26 17:10:02.893976 :

Chemung Table Created
Records inserted to Chemung
2021-01-26 17:10:02.929954 :

Madison Table Created
Records inserted to Madison
2021-01-26 17:10:02.989927 :

Schuyler Table Created
Records inserted to Schuyler
2021-01-26 17:10:03.030790 :

Steuben Table Created
Records inserted to Steuben
2021-01-26 17:10:03.069083 :

Wyoming Table Created
Records inserted to Wyoming
2021-01-26 17:10:03.108445 :

Franklin Table Created
Records inserted to Franklin
2021-01-26 17:10:03.159509 :

Essex Table Created
Records inserted to Essex
2021-01-26 17:10:03.210619 :

Sullivan Table Created
Records inserted to Sullivan
2021-01-26 17:10:03.247518 :

Yates Table Created
Records inserted to Yates
2021-01-26 17:10:03.294595 :

Livingston Table Created
Records inserted to Livingston
2021-01-26 17:10:03.335476 :

New_York Table Created
Records inserted to New_York
2021-01-26 17:10:03.374814 :

Onondaga Table Created
Records inserted to Onondaga
2021-01-26 17:10:03.415983 :

Ulster Table Created
Records inserted to Ulster
2021-01-26 17:10:03.453287 :

Otsego Table Created
Records inserted to Otsego
2021-01-26 17:10:03.494296 :

Tioga Table Created
Records inserted to Tioga
2021-01-26 17:10:03.539256 :

Jefferson Table Created
Records inserted to Jefferson
2021-01-26 17:10:03.577482 :

Putnam Table Created
Records inserted to Putnam
2021-01-26 17:10:03.617197 :

Allegany Table Created
Records inserted to Allegany
2021-01-26 17:10:03.659717 :

Erie Table Created
Records inserted to Erie
2021-01-26 17:10:03.702510 :

Kings Table Created
Records inserted to Kings
2021-01-26 17:10:03.743133 :

Rensselaer Table Created
Records inserted to Rensselaer
2021-01-26 17:10:03.794050 :

Chautauqua Table Created
Records inserted to Chautauqua
2021-01-26 17:10:03.839619 :

Herkimer Table Created
Records inserted to Herkimer
2021-01-26 17:10:03.878498 :

Richmond Table Created
Records inserted to Richmond
2021-01-26 17:10:03.914767 :

Cayuga Table Created
Records inserted to Cayuga
2021-01-26 17:10:03.951172 :

Suffolk Table Created
Records inserted to Suffolk
2021-01-26 17:10:03.992094 :

Greene Table Created
Records inserted to Greene
2021-01-26 17:10:04.039279 :

Dutchess Table Created
Records inserted to Dutchess
2021-01-26 17:10:04.101333 :

Saratoga Table Created
Records inserted to Saratoga
2021-01-26 17:10:04.136296 :

Lewis Table Created
Records inserted to Lewis
2021-01-26 17:10:04.183358 :

Niagara Table Created
Records inserted to Niagara
2021-01-26 17:10:04.239446 :

St_Lawrence Table Created
Records inserted to St_Lawrence
2021-01-26 17:10:04.300719 :

Broome Table Created
Records inserted to Broome
2021-01-26 17:10:04.335997 :

Hamilton Table Created
Records inserted to Hamilton
2021-01-26 17:10:04.398720 :

Albany Table Created
Records inserted to Albany
2021-01-26 17:10:04.453673 :

Bronx Table Created
Records inserted to Bronx
2021-01-26 17:10:04.520817 :

Schoharie Table Created
Records inserted to Schoharie
2021-01-26 17:10:04.613402 :

Wayne Table Created
Records inserted to Wayne
2021-01-26 17:10:04.670613 :

Cattaraugus Table Created
Records inserted to Cattaraugus
2021-01-26 17:10:04.712784 :

Ontario Table Created
Records inserted to Ontario
2021-01-26 17:10:04.782957 :

Oswego Table Created
Records inserted to Oswego
2021-01-26 17:10:04.825472 :

Orange Table Created
Records inserted to Orange
2021-01-26 17:10:04.868780 :

Delaware Table Created
Records inserted to Delaware
2021-01-26 17:10:04.932785 :

Westchester Table Created
Records inserted to Westchester
2021-01-26 17:11:02.177288 :

Nassau Table Created
Records inserted to Nassau
2021-01-26 17:11:02.270262 :

Broome Table Created
Records inserted to Broome
2021-01-26 17:11:02.314651 :

Monroe Table Created
Records inserted to Monroe
2021-01-26 17:11:02.358967 :

Niagara Table Created
Records inserted to Niagara
2021-01-26 17:11:02.414401 :

Chenango Table Created
Records inserted to Chenango
2021-01-26 17:11:02.460964 :

Montgomery Table Created
Records inserted to Montgomery
2021-01-26 17:11:02.498813 :

Onondaga Table Created
Records inserted to Onondaga
2021-01-26 17:11:02.566752 :

Genesee Table Created
Records inserted to Genesee
2021-01-26 17:11:02.611311 :

Madison Table Created
Records inserted to Madison
2021-01-26 17:11:02.651370 :

Wayne Table Created
Records inserted to Wayne
2021-01-26 17:11:02.696286 :

Schoharie Table Created
Records inserted to Schoharie
2021-01-26 17:11:02.771000 :

Orange Table Created
Records inserted to Orange
2021-01-26 17:11:02.807854 :

Bronx Table Created
Records inserted to Bronx
2021-01-26 17:11:02.855201 :

Herkimer Table Created
Records inserted to Herkimer
2021-01-26 17:11:02.902589 :

Suffolk Table Created
Records inserted to Suffolk
2021-01-26 17:11:02.943264 :

Livingston Table Created
Records inserted to Livingston
2021-01-26 17:11:03.004236 :

Steuben Table Created
Records inserted to Steuben
2021-01-26 17:11:03.050160 :

Tioga Table Created
Records inserted to Tioga
2021-01-26 17:11:03.097807 :

Lewis Table Created
Records inserted to Lewis
2021-01-26 17:11:03.153644 :

Oneida Table Created
Records inserted to Oneida
2021-01-26 17:11:03.233225 :

Franklin Table Created
Records inserted to Franklin
2021-01-26 17:11:03.274387 :

Cortland Table Created
Records inserted to Cortland
2021-01-26 17:11:03.313684 :

Saratoga Table Created
Records inserted to Saratoga
2021-01-26 17:11:03.356097 :

Richmond Table Created
Records inserted to Richmond
2021-01-26 17:11:03.400258 :

St_Lawrence Table Created
Records inserted to St_Lawrence
2021-01-26 17:11:03.467122 :

Schuyler Table Created
Records inserted to Schuyler
2021-01-26 17:11:03.529195 :

Cayuga Table Created
Records inserted to Cayuga
2021-01-26 17:11:03.572199 :

Ontario Table Created
Records inserted to Ontario
2021-01-26 17:11:03.631477 :

Rockland Table Created
Records inserted to Rockland
2021-01-26 17:11:03.674367 :

Rensselaer Table Created
Records inserted to Rensselaer
2021-01-26 17:11:03.730491 :

New_York Table Created
Records inserted to New_York
2021-01-26 17:11:03.789294 :

Fulton Table Created
Records inserted to Fulton
2021-01-26 17:11:03.885758 :

Seneca Table Created
Records inserted to Seneca
2021-01-26 17:11:03.929318 :

Oswego Table Created
Records inserted to Oswego
2021-01-26 17:11:03.972831 :

Dutchess Table Created
Records inserted to Dutchess
2021-01-26 17:11:04.044165 :

Clinton Table Created
Records inserted to Clinton
2021-01-26 17:11:04.084142 :

Essex Table Created
Records inserted to Essex
2021-01-26 17:11:04.145577 :

Otsego Table Created
Records inserted to Otsego
2021-01-26 17:11:04.233062 :

Greene Table Created
Records inserted to Greene
2021-01-26 17:11:04.273972 :

Wyoming Table Created
Records inserted to Wyoming
2021-01-26 17:11:04.311262 :

Putnam Table Created
Records inserted to Putnam
2021-01-26 17:11:04.381637 :

Delaware Table Created
Records inserted to Delaware
2021-01-26 17:11:04.426781 :

Allegany Table Created
Records inserted to Allegany
2021-01-26 17:11:04.468547 :

Albany Table Created
Records inserted to Albany
2021-01-26 17:11:04.549097 :

Washington Table Created
Records inserted to Washington
2021-01-26 17:11:04.607838 :

Hamilton Table Created
Records inserted to Hamilton
2021-01-26 17:11:04.647472 :

Queens Table Created
Records inserted to Queens
2021-01-26 17:11:04.686389 :

Warren Table Created
Records inserted to Warren
2021-01-26 17:11:04.734359 :

Erie Table Created
Records inserted to Erie
2021-01-26 17:11:04.772821 :

Tompkins Table Created
Records inserted to Tompkins
2021-01-26 17:11:04.820115 :

Jefferson Table Created
Records inserted to Jefferson
2021-01-26 17:11:04.885627 :

Cattaraugus Table Created
Records inserted to Cattaraugus
2021-01-26 17:11:04.928864 :

Columbia Table Created
Records inserted to Columbia
2021-01-26 17:11:04.971332 :

Sullivan Table Created
Records inserted to Sullivan
2021-01-26 17:11:05.015395 :

Chautauqua Table Created
Records inserted to Chautauqua
2021-01-26 17:11:05.055937 :

Orleans Table Created
Records inserted to Orleans
2021-01-26 17:11:05.109679 :

Chemung Table Created
Records inserted to Chemung
2021-01-26 17:11:05.189991 :

Ulster Table Created
Records inserted to Ulster
2021-01-26 17:11:05.230795 :

Kings Table Created
Records inserted to Kings
2021-01-26 17:11:05.284150 :

Yates Table Created
Records inserted to Yates
2021-01-26 17:11:05.339118 :

Schenectady Table Created
Records inserted to Schenectady
2021-01-26 17:11:05.382471 :

Westchester Table Created
Records inserted to Westchester
2021-01-26 17:12:02.676911 :

Monroe Table Created
Records inserted to Monroe
2021-01-26 17:12:02.758381 :

St_Lawrence Table Created
Records inserted to St_Lawrence
2021-01-26 17:12:02.800036 :

Bronx Table Created
Records inserted to Bronx
2021-01-26 17:12:02.869164 :

Broome Table Created
Records inserted to Broome
2021-01-26 17:12:02.918728 :

Franklin Table Created
Records inserted to Franklin
2021-01-26 17:12:02.960067 :

Ulster Table Created
Records inserted to Ulster
2021-01-26 17:12:03.026093 :

Wyoming Table Created
Records inserted to Wyoming
2021-01-26 17:12:03.067732 :

Warren Table Created
Records inserted to Warren
2021-01-26 17:12:03.124663 :

Schenectady Table Created
Records inserted to Schenectady
2021-01-26 17:12:03.203974 :

Yates Table Created
Records inserted to Yates
2021-01-26 17:12:03.252802 :

Chautauqua Table Created
Records inserted to Chautauqua
2021-01-26 17:12:03.301101 :

Saratoga Table Created
Records inserted to Saratoga
2021-01-26 17:12:03.385323 :

Tioga Table Created
Records inserted to Tioga
2021-01-26 17:12:03.426755 :

Montgomery Table Created
Records inserted to Montgomery
2021-01-26 17:12:03.484526 :

Essex Table Created
Records inserted to Essex
2021-01-26 17:12:03.575671 :

Queens Table Created
Records inserted to Queens
2021-01-26 17:12:03.617484 :

Sullivan Table Created
Records inserted to Sullivan
2021-01-26 17:12:03.655505 :

Orleans Table Created
Records inserted to Orleans
2021-01-26 17:12:03.699770 :

Rensselaer Table Created
Records inserted to Rensselaer
2021-01-26 17:12:03.764281 :

Westchester Table Created
Records inserted to Westchester
2021-01-26 17:12:03.810782 :

Albany Table Created
Records inserted to Albany
2021-01-26 17:12:03.880537 :

Herkimer Table Created
Records inserted to Herkimer
2021-01-26 17:12:03.923635 :

Putnam Table Created
Records inserted to Putnam
2021-01-26 17:12:03.965263 :

Ontario Table Created
Records inserted to Ontario
2021-01-26 17:12:04.021899 :

Kings Table Created
Records inserted to Kings
2021-01-26 17:12:04.072754 :

Fulton Table Created
Records inserted to Fulton
2021-01-26 17:12:04.139524 :

Washington Table Created
Records inserted to Washington
2021-01-26 17:12:04.225986 :

Greene Table Created
Records inserted to Greene
2021-01-26 17:12:04.270317 :

Onondaga Table Created
Records inserted to Onondaga
2021-01-26 17:12:04.309191 :

Wayne Table Created
Records inserted to Wayne
2021-01-26 17:12:04.368291 :

Clinton Table Created
Records inserted to Clinton
2021-01-26 17:12:04.443032 :

Niagara Table Created
Records inserted to Niagara
2021-01-26 17:12:04.492668 :

Tompkins Table Created
Records inserted to Tompkins
2021-01-26 17:12:04.600964 :

Schuyler Table Created
Records inserted to Schuyler
2021-01-26 17:12:04.646374 :

Oswego Table Created
Records inserted to Oswego
2021-01-26 17:12:04.686062 :

Allegany Table Created
Records inserted to Allegany
2021-01-26 17:12:04.749169 :

Chenango Table Created
Records inserted to Chenango
2021-01-26 17:12:04.792428 :

Delaware Table Created
Records inserted to Delaware
2021-01-26 17:12:04.852425 :

Otsego Table Created
Records inserted to Otsego
2021-01-26 17:12:04.920343 :

Nassau Table Created
Records inserted to Nassau
2021-01-26 17:12:04.954955 :

Oneida Table Created
Records inserted to Oneida
2021-01-26 17:12:04.989848 :

Dutchess Table Created
Records inserted to Dutchess
2021-01-26 17:12:05.027920 :

Suffolk Table Created
Records inserted to Suffolk
2021-01-26 17:12:05.092992 :

Columbia Table Created
Records inserted to Columbia
2021-01-26 17:12:05.148349 :

Genesee Table Created
Records inserted to Genesee
2021-01-26 17:12:05.210273 :

Hamilton Table Created
Records inserted to Hamilton
2021-01-26 17:12:05.244528 :

Seneca Table Created
Records inserted to Seneca
2021-01-26 17:12:05.280672 :

Madison Table Created
Records inserted to Madison
2021-01-26 17:12:05.344866 :

Lewis Table Created
Records inserted to Lewis
2021-01-26 17:12:05.383848 :

Chemung Table Created
Records inserted to Chemung
2021-01-26 17:12:05.440719 :

Livingston Table Created
Records inserted to Livingston
2021-01-26 17:12:05.484500 :

Rockland Table Created
Records inserted to Rockland
2021-01-26 17:12:05.523316 :

Richmond Table Created
Records inserted to Richmond
2021-01-26 17:12:05.563040 :

Orange Table Created
Records inserted to Orange
2021-01-26 17:12:05.633400 :

Cayuga Table Created
Records inserted to Cayuga
2021-01-26 17:12:05.672433 :

Steuben Table Created
Records inserted to Steuben
2021-01-26 17:12:05.734496 :

Schoharie Table Created
Records inserted to Schoharie
2021-01-26 17:12:05.792885 :

Cattaraugus Table Created
Records inserted to Cattaraugus
2021-01-26 17:12:05.838137 :

New_York Table Created
Records inserted to New_York
2021-01-26 17:12:05.882290 :

Cortland Table Created
Records inserted to Cortland
2021-01-26 17:12:05.958339 :

Erie Table Created
Records inserted to Erie
2021-01-26 17:12:05.998778 :

Jefferson Table Created
Records inserted to Jefferson
2021-01-26 17:13:02.318837 :

Essex Table Created
Records inserted to Essex
2021-01-26 17:13:02.399893 :

Lewis Table Created
Records inserted to Lewis
2021-01-26 17:13:02.438413 :

Livingston Table Created
Records inserted to Livingston
2021-01-26 17:13:02.503542 :

Kings Table Created
Records inserted to Kings
2021-01-26 17:13:02.548512 :

Nassau Table Created
Records inserted to Nassau
2021-01-26 17:13:02.609515 :

Putnam Table Created
Records inserted to Putnam
2021-01-26 17:13:02.651423 :

Bronx Table Created
Records inserted to Bronx
2021-01-26 17:13:02.700616 :

Saratoga Table Created
Records inserted to Saratoga
2021-01-26 17:13:02.746811 :

Orleans Table Created
Records inserted to Orleans
2021-01-26 17:13:02.786152 :

Broome Table Created
Records inserted to Broome
2021-01-26 17:13:02.827588 :

Steuben Table Created
Records inserted to Steuben
2021-01-26 17:13:02.873171 :

Columbia Table Created
Records inserted to Columbia
2021-01-26 17:13:02.915969 :

Schoharie Table Created
Records inserted to Schoharie
2021-01-26 17:13:02.961845 :

Montgomery Table Created
Records inserted to Montgomery
2021-01-26 17:13:03.002194 :

Wayne Table Created
Records inserted to Wayne
2021-01-26 17:13:03.049698 :

Washington Table Created
Records inserted to Washington
2021-01-26 17:13:03.090372 :

Orange Table Created
Records inserted to Orange
2021-01-26 17:13:03.136015 :

Niagara Table Created
Records inserted to Niagara
2021-01-26 17:13:03.203658 :

Hamilton Table Created
Records inserted to Hamilton
2021-01-26 17:13:03.261545 :

Albany Table Created
Records inserted to Albany
2021-01-26 17:13:03.303280 :

Allegany Table Created
Records inserted to Allegany
2021-01-26 17:13:03.339339 :

Herkimer Table Created
Records inserted to Herkimer
2021-01-26 17:13:03.408987 :

Otsego Table Created
Records inserted to Otsego
2021-01-26 17:13:03.464386 :

Seneca Table Created
Records inserted to Seneca
2021-01-26 17:13:03.502795 :

Chenango Table Created
Records inserted to Chenango
2021-01-26 17:13:03.565510 :

Chemung Table Created
Records inserted to Chemung
2021-01-26 17:13:03.643139 :

Jefferson Table Created
Records inserted to Jefferson
2021-01-26 17:13:03.682673 :

Madison Table Created
Records inserted to Madison
2021-01-26 17:13:03.724723 :

Westchester Table Created
Records inserted to Westchester
2021-01-26 17:13:03.767592 :

Yates Table Created
Records inserted to Yates
2021-01-26 17:13:03.805600 :

Rensselaer Table Created
Records inserted to Rensselaer
2021-01-26 17:13:03.874539 :

Wyoming Table Created
Records inserted to Wyoming
2021-01-26 17:13:03.951152 :

Delaware Table Created
Records inserted to Delaware
2021-01-26 17:13:03.995182 :

Onondaga Table Created
Records inserted to Onondaga
2021-01-26 17:13:04.035860 :

Greene Table Created
Records inserted to Greene
2021-01-26 17:13:04.129010 :

Chautauqua Table Created
Records inserted to Chautauqua
2021-01-26 17:13:04.185620 :

Clinton Table Created
Records inserted to Clinton
2021-01-26 17:13:04.248080 :

Queens Table Created
Records inserted to Queens
2021-01-26 17:13:04.319324 :

Erie Table Created
Records inserted to Erie
2021-01-26 17:13:04.356808 :

Richmond Table Created
Records inserted to Richmond
2021-01-26 17:13:04.401554 :

Ontario Table Created
Records inserted to Ontario
2021-01-26 17:13:04.470753 :

Franklin Table Created
Records inserted to Franklin
2021-01-26 17:13:04.536681 :

Dutchess Table Created
Records inserted to Dutchess
2021-01-26 17:13:04.579734 :

Suffolk Table Created
Records inserted to Suffolk
2021-01-26 17:13:04.638810 :

Ulster Table Created
Records inserted to Ulster
2021-01-26 17:13:04.677222 :

Cattaraugus Table Created
Records inserted to Cattaraugus
2021-01-26 17:13:04.715738 :

Tioga Table Created
Records inserted to Tioga
2021-01-26 17:13:04.760677 :

Warren Table Created
Records inserted to Warren
2021-01-26 17:13:04.824790 :

Fulton Table Created
Records inserted to Fulton
2021-01-26 17:13:04.865972 :

Tompkins Table Created
Records inserted to Tompkins
2021-01-26 17:13:04.937313 :

Sullivan Table Created
Records inserted to Sullivan
2021-01-26 17:13:04.984573 :

Genesee Table Created
Records inserted to Genesee
2021-01-26 17:13:05.022205 :

Monroe Table Created
Records inserted to Monroe
2021-01-26 17:13:05.084939 :

Rockland Table Created
Records inserted to Rockland
2021-01-26 17:13:05.139559 :

Oneida Table Created
Records inserted to Oneida
2021-01-26 17:13:05.184698 :

New_York Table Created
Records inserted to New_York
2021-01-26 17:13:05.263737 :

Oswego Table Created
Records inserted to Oswego
2021-01-26 17:13:05.300315 :

Schuyler Table Created
Records inserted to Schuyler
2021-01-26 17:13:05.336903 :

Schenectady Table Created
Records inserted to Schenectady
2021-01-26 17:13:05.382415 :

Cayuga Table Created
Records inserted to Cayuga
2021-01-26 17:13:05.440476 :

Cortland Table Created
Records inserted to Cortland
2021-01-26 17:13:05.474332 :

St_Lawrence Table Created
Records inserted to St_Lawrence
